<?xml version="1.0" encoding="UTF-8"?>
<!-- Generated by org.testng.reporters.JUnitXMLReporter -->
<testsuite ignored="0" hostname="DESKTOP-HGOMU4C" failures="0" tests="4" name="Default test" time="0.454" errors="0" timestamp="2022-12-11T20:40:36 IST">
  <testcase classname="com.testng.practice.Practice_04" name="Test04__01" time="0.032"/>
  <testcase classname="com.testng.practice.Practice_04" name="Test04__02" time="0.003"/>
  <testcase classname="com.testng.practice.Practice_04" name="Test04__03" time="0.005"/>
  <testcase classname="com.testng.practice.Practice_04" name="Test04__04" time="0.004"/>
</testsuite> <!-- Default test -->
